<?xml version="1.0" encoding="UTF-8"?>
<testsuite xmlns:xsi="http://www.w3.org/2001/XMLSchema-instance" xsi:noNamespaceSchemaLocation="https://maven.apache.org/surefire/maven-surefire-plugin/xsd/surefire-test-report.xsd" name="com.mycompany.app.AppTest" time="0.039" tests="1" errors="0" skipped="0" failures="0">
  <properties>
    <property name="sun.desktop" value="windows"/>
    <property name="awt.toolkit" value="sun.awt.windows.WToolkit"/>
    <property name="file.encoding.pkg" value="sun.io"/>
    <property name="java.specification.version" value="1.8"/>
    <property name="sun.cpu.isalist" value="amd64"/>
    <property name="sun.jnu.encoding" value="Cp1252"/>
    <property name="java.class.path" value="D:\jenkins\codebind\my-app\target\test-classes;D:\jenkins\codebind\my-app\target\classes;C:\Users\r.cornet\.m2\repository\junit\junit\4.11\junit-4.11.jar;C:\Users\r.cornet\.m2\repository\org\hamcrest\hamcrest-core\1.3\hamcrest-core-1.3.jar;"/>
    <property name="java.vm.vendor" value="Oracle Corporation"/>
    <property name="sun.arch.data.model" value="64"/>
    <property name="user.variant" value=""/>
    <property name="java.vendor.url" value="http://java.oracle.com/"/>
    <property name="user.timezone" value="Europe/Berlin"/>
    <property name="java.vm.specification.version" value="1.8"/>
    <property name="os.name" value="Windows 10"/>
    <property name="user.country" value="US"/>
    <property name="sun.java.launcher" value="SUN_STANDARD"/>
    <property name="sun.boot.library.path" value="C:\Program Files\java\jdk1.8.0_172\jre\bin"/>
    <property name="sun.java.command" value="C:\Users\RBA0E~1.COR\AppData\Local\Temp\surefire7352847196436939067\surefirebooter728678969609726031.jar C:\Users\r.cornet\AppData\Local\Temp\surefire7352847196436939067 2020-03-26T16-45-17_689-jvmRun1 surefire2517905967873228463tmp surefire_05257417966526656312tmp"/>
    <property name="surefire.test.class.path" value="D:\jenkins\codebind\my-app\target\test-classes;D:\jenkins\codebind\my-app\target\classes;C:\Users\r.cornet\.m2\repository\junit\junit\4.11\junit-4.11.jar;C:\Users\r.cornet\.m2\repository\org\hamcrest\hamcrest-core\1.3\hamcrest-core-1.3.jar;"/>
    <property name="sun.cpu.endian" value="little"/>
    <property name="user.home" value="C:\Users\r.cornet"/>
    <property name="user.language" value="en"/>
    <property name="java.specification.vendor" value="Oracle Corporation"/>
    <property name="java.home" value="C:\Program Files\java\jdk1.8.0_172\jre"/>
    <property name="basedir" value="D:\jenkins\codebind\my-app"/>
    <property name="file.separator" value="\"/>
    <property name="line.separator" value="&#10;"/>
    <property name="java.vm.specification.vendor" value="Oracle Corporation"/>
    <property name="java.specification.name" value="Java Platform API Specification"/>
    <property name="java.awt.graphicsenv" value="sun.awt.Win32GraphicsEnvironment"/>
    <property name="surefire.real.class.path" value="C:\Users\RBA0E~1.COR\AppData\Local\Temp\surefire7352847196436939067\surefirebooter728678969609726031.jar"/>
    <property name="sun.boot.class.path" value="C:\Program Files\java\jdk1.8.0_172\jre\lib\resources.jar;C:\Program Files\java\jdk1.8.0_172\jre\lib\rt.jar;C:\Program Files\java\jdk1.8.0_172\jre\lib\sunrsasign.jar;C:\Program Files\java\jdk1.8.0_172\jre\lib\jsse.jar;C:\Program Files\java\jdk1.8.0_172\jre\lib\jce.jar;C:\Program Files\java\jdk1.8.0_172\jre\lib\charsets.jar;C:\Program Files\java\jdk1.8.0_172\jre\lib\jfr.jar;C:\Program Files\java\jdk1.8.0_172\jre\classes"/>
    <property name="user.script" value=""/>
    <property name="sun.management.compiler" value="HotSpot 64-Bit Tiered Compilers"/>
    <property name="java.runtime.version" value="1.8.0_172-b11"/>
    <property name="user.name" value="r.cornet"/>
    <property name="path.separator" value=";"/>
    <property name="os.version" value="10.0"/>
    <property name="java.endorsed.dirs" value="C:\Program Files\java\jdk1.8.0_172\jre\lib\endorsed"/>
    <property name="java.runtime.name" value="Java(TM) SE Runtime Environment"/>
    <property name="file.encoding" value="Cp1252"/>
    <property name="java.vm.name" value="Java HotSpot(TM) 64-Bit Server VM"/>
    <property name="localRepository" value="C:\Users\r.cornet\.m2\repository"/>
    <property name="java.vendor.url.bug" value="http://bugreport.sun.com/bugreport/"/>
    <property name="java.io.tmpdir" value="C:\Users\RBA0E~1.COR\AppData\Local\Temp\"/>
    <property name="java.version" value="1.8.0_172"/>
    <property name="user.dir" value="D:\jenkins\codebind\my-app"/>
    <property name="os.arch" value="amd64"/>
    <property name="java.vm.specification.name" value="Java Virtual Machine Specification"/>
    <property name="java.awt.printerjob" value="sun.awt.windows.WPrinterJob"/>
    <property name="sun.os.patch.level" value=""/>
    <property name="java.library.path" value="C:\Program Files\java\jdk1.8.0_172\jre\bin;C:\WINDOWS\Sun\Java\bin;C:\WINDOWS\system32;C:\WINDOWS;C:\Program Files\PHP\v7.3;C:\Program Files\Microsoft MPI\Bin\;C:\Program Files (x86)\Common Files\Oracle\Java\javapath;C:\Windows\system32;C:\Windows;C:\Windows\System32\Wbem;C:\Windows\System32\WindowsPowerShell\v1.0\;C:\Program Files (x86)\NVIDIA Corporation\PhysX\Common;C:\Program Files\Microsoft SQL Server\120\Tools\Binn\;C:\Program Files\Microsoft SQL Server\130\Tools\Binn\;C:\Program Files\Git\cmd;C:\Program Files\Microsoft SQL Server\120\DTS\Binn\;C:\Program Files\Microsoft SQL Server\Client SDK\ODBC\110\Tools\Binn\;C:\Program Files (x86)\Microsoft SQL Server\120\Tools\Binn\;C:\Program Files (x86)\Microsoft SQL Server\120\Tools\Binn\ManagementStudio\;C:\Program Files (x86)\Microsoft SQL Server\120\DTS\Binn\;C:\WINDOWS\system32;C:\WINDOWS;C:\WINDOWS\System32\Wbem;C:\WINDOWS\System32\WindowsPowerShell\v1.0\;D:\Program Files (x86)\sbt\bin;C:\Program Files\MySQL\MySQL Enterprise Backup 4.1\;C:\Program Files\MySQL\MySQL Utilities 1.6\;D:\PostgreSQL\pg96\bin;C:\WINDOWS\System32\OpenSSH\;C:\Program Files\dot;D:\jenkins\apache-maven-3.6.3-bin\apache-maven-3.6.3\bin;C:\Users\r.cornet\.dnx\bin;C:\Users\r.cornet\AppData\Local\Microsoft\WindowsApps;d:\Users\r.cornet\AppData\Local\Programs\Fiddler;D:\Program Files (x86)\sbt\bin;D:\Spark\bin;C:\Program Files\java\jdk1.7.0_80\bin;C:\Users\r.cornet\AppData\Local\atom\bin;d:\Program Files\Microsoft VS Code\bin;D:\Maven\apache-maven-3.5.3-bin\apache-maven-3.5.3\bin;D:\JBossEAP\EAP-6.4.0\bin;C:\Users\r.cornet\bin;D:\PostgreSQL\pg96\bin;D:\PostgreSQL\pg96\lib;C:\Users\r.cornet\AppData\Roaming\npm;d:\Users\r.cornet\AppData\Local\Programs\Microsoft VS Code\bin;C:\Users\r.cornet\AppData\Local\Microsoft\WindowsApps;;."/>
    <property name="java.vm.info" value="mixed mode"/>
    <property name="java.vendor" value="Oracle Corporation"/>
    <property name="java.vm.version" value="25.172-b11"/>
    <property name="java.ext.dirs" value="C:\Program Files\java\jdk1.8.0_172\jre\lib\ext;C:\WINDOWS\Sun\Java\lib\ext"/>
    <property name="sun.io.unicode.encoding" value="UnicodeLittle"/>
    <property name="java.class.version" value="52.0"/>
  </properties>
  <testcase name="shouldAnswerWithTrue" classname="com.mycompany.app.AppTest" time="0.003"/>
</testsuite>